<?xml version="1.0" encoding="UTF-8"?>
<!-- Generated by org.testng.reporters.JUnitReportReporter -->
<testsuite hostname="LAPTOP-N4US75F9" failures="0" tests="1" name="Test.FBDemo" time="8.834" errors="0" timestamp="26 May 2021 04:21:20 GMT" skipped="0">
  <testcase classname="Test.FBDemo" name="login" time="8.834"/>
</testsuite> <!-- Test.FBDemo -->
